  [1m[35m (269.1ms)[0m  [1m[35mCREATE DATABASE "joins_demo_development" ENCODING = 'unicode'[0m
  [1m[35m (90.8ms)[0m  [1m[35mCREATE DATABASE "joins_demo_test" ENCODING = 'unicode'[0m
  [1m[36mUser Load (1.3ms)[0m  [1m[34mSELECT "users".* FROM "users" INNER JOIN "posts" ON "posts"."author_id" = "users"."id" INNER JOIN "comments" ON "comments"."post_id" = "posts"."id"[0m
  [1m[36mUser Load (1.3ms)[0m  [1m[34mSELECT "users".* FROM "users" INNER JOIN "posts" ON "posts"."author_id" = "users"."id" INNER JOIN "comments" ON "comments"."post_id" = "posts"."id"[0m
  [1m[35m (44.1ms)[0m  [1m[35mCREATE TABLE "schema_migrations" ("version" character varying NOT NULL PRIMARY KEY)[0m
  [1m[35m (10.5ms)[0m  [1m[35mCREATE TABLE "ar_internal_metadata" ("key" character varying NOT NULL PRIMARY KEY, "value" character varying, "created_at" timestamp(6) NOT NULL, "updated_at" timestamp(6) NOT NULL)[0m
  [1m[35m (1.2ms)[0m  [1m[34mSELECT pg_try_advisory_lock(6553098740947753260)[0m
  [1m[36mActiveRecord::SchemaMigration Pluck (2.3ms)[0m  [1m[34mSELECT "schema_migrations"."version" FROM "schema_migrations" ORDER BY "schema_migrations"."version" ASC[0m
Migrating to CreateUsers (20220513155830)
  [1m[36mTRANSACTION (0.3ms)[0m  [1m[35mBEGIN[0m
  [1m[35m (11.3ms)[0m  [1m[35mCREATE TABLE "users" ("id" bigserial primary key, "user_name" character varying NOT NULL, "first_name" character varying NOT NULL, "last_name" character varying NOT NULL, "created_at" timestamp(6) NOT NULL, "updated_at" timestamp(6) NOT NULL)[0m
  [1m[36mActiveRecord::SchemaMigration Create (1.5ms)[0m  [1m[32mINSERT INTO "schema_migrations" ("version") VALUES ($1) RETURNING "version"[0m  [["version", "20220513155830"]]
  [1m[36mTRANSACTION (0.6ms)[0m  [1m[35mCOMMIT[0m
Migrating to CreatePosts (20220513155906)
  [1m[36mTRANSACTION (0.7ms)[0m  [1m[35mBEGIN[0m
  [1m[35m (12.9ms)[0m  [1m[35mCREATE TABLE "posts" ("id" bigserial primary key, "title" character varying NOT NULL, "body" text NOT NULL, "author_id" bigint NOT NULL, "created_at" timestamp(6) NOT NULL, "updated_at" timestamp(6) NOT NULL, CONSTRAINT "fk_rails_04d13ef8c7"
FOREIGN KEY ("author_id")
  REFERENCES "users" ("id")
)[0m
  [1m[35m (2.0ms)[0m  [1m[35mCREATE INDEX "index_posts_on_author_id" ON "posts" ("author_id")[0m
  [1m[36mActiveRecord::SchemaMigration Create (0.7ms)[0m  [1m[32mINSERT INTO "schema_migrations" ("version") VALUES ($1) RETURNING "version"[0m  [["version", "20220513155906"]]
  [1m[36mTRANSACTION (0.7ms)[0m  [1m[35mCOMMIT[0m
Migrating to CreateComments (20220513155927)
  [1m[36mTRANSACTION (0.6ms)[0m  [1m[35mBEGIN[0m
  [1m[35m (8.8ms)[0m  [1m[35mCREATE TABLE "comments" ("id" bigserial primary key, "body" text NOT NULL, "author_id" bigint NOT NULL, "post_id" bigint NOT NULL, "parent_comment_id" bigint, "created_at" timestamp(6) NOT NULL, "updated_at" timestamp(6) NOT NULL, CONSTRAINT "fk_rails_f44b1e3c8a"
FOREIGN KEY ("author_id")
  REFERENCES "users" ("id")
, CONSTRAINT "fk_rails_2fd19c0db7"
FOREIGN KEY ("post_id")
  REFERENCES "posts" ("id")
, CONSTRAINT "fk_rails_da28d53ee7"
FOREIGN KEY ("parent_comment_id")
  REFERENCES "comments" ("id")
)[0m
  [1m[35m (1.3ms)[0m  [1m[35mCREATE INDEX "index_comments_on_author_id" ON "comments" ("author_id")[0m
  [1m[35m (2.3ms)[0m  [1m[35mCREATE INDEX "index_comments_on_post_id" ON "comments" ("post_id")[0m
  [1m[35m (1.8ms)[0m  [1m[35mCREATE INDEX "index_comments_on_parent_comment_id" ON "comments" ("parent_comment_id")[0m
  [1m[36mActiveRecord::SchemaMigration Create (0.8ms)[0m  [1m[32mINSERT INTO "schema_migrations" ("version") VALUES ($1) RETURNING "version"[0m  [["version", "20220513155927"]]
  [1m[36mTRANSACTION (0.6ms)[0m  [1m[35mCOMMIT[0m
  [1m[36mActiveRecord::InternalMetadata Load (1.3ms)[0m  [1m[34mSELECT "ar_internal_metadata".* FROM "ar_internal_metadata" WHERE "ar_internal_metadata"."key" = $1 LIMIT $2[0m  [["key", "environment"], ["LIMIT", 1]]
  [1m[36mTRANSACTION (0.2ms)[0m  [1m[35mBEGIN[0m
  [1m[36mActiveRecord::InternalMetadata Create (1.6ms)[0m  [1m[32mINSERT INTO "ar_internal_metadata" ("key", "value", "created_at", "updated_at") VALUES ($1, $2, $3, $4) RETURNING "key"[0m  [["key", "environment"], ["value", "development"], ["created_at", "2022-11-04 05:02:50.897033"], ["updated_at", "2022-11-04 05:02:50.897033"]]
  [1m[36mTRANSACTION (0.4ms)[0m  [1m[35mCOMMIT[0m
  [1m[35m (0.8ms)[0m  [1m[34mSELECT pg_advisory_unlock(6553098740947753260)[0m
  [1m[36mActiveRecord::SchemaMigration Pluck (1.0ms)[0m  [1m[34mSELECT "schema_migrations"."version" FROM "schema_migrations" ORDER BY "schema_migrations"."version" ASC[0m
  [1m[36mActiveRecord::SchemaMigration Pluck (2.2ms)[0m  [1m[34mSELECT "schema_migrations"."version" FROM "schema_migrations" ORDER BY "schema_migrations"."version" ASC[0m
  [1m[36mComment Load (5.0ms)[0m  [1m[34mSELECT "comments".* FROM "comments" INNER JOIN "users" ON "users"."id" = "comments"."author_id" WHERE "users"."user_name" = $1[0m  [["user_name", "tamboer"]]
  [1m[36mUser Load (2.6ms)[0m  [1m[34mSELECT "users".* FROM "users" INNER JOIN "posts" ON "posts"."author_id" = "users"."id" INNER JOIN "comments" ON "comments"."post_id" = "posts"."id"[0m
  [1m[36mPost Load (0.4ms)[0m  [1m[34mSELECT "posts".* FROM "posts" WHERE "posts"."id" = $1 LIMIT $2[0m  [["id", 1], ["LIMIT", 1]]
  [1m[35m (1.8ms)[0m  [1m[35mCREATE DATABASE "joins_demo_development" ENCODING = 'unicode'[0m
  [1m[35m (0.4ms)[0m  [1m[35mCREATE DATABASE "joins_demo_test" ENCODING = 'unicode'[0m
  [1m[36mPost Load (1.3ms)[0m  [1m[34mSELECT "posts".* FROM "posts" WHERE "posts"."id" = $1 LIMIT $2[0m  [["id", 1], ["LIMIT", 1]]
  [1m[36mTRANSACTION (0.2ms)[0m  [1m[35mBEGIN[0m
  [1m[36mUser Load (0.9ms)[0m  [1m[34mSELECT "users".* FROM "users" WHERE "users"."id" = $1 LIMIT $2[0m  [["id", 1], ["LIMIT", 1]]
  [1m[36mTRANSACTION (0.2ms)[0m  [1m[31mROLLBACK[0m
  [1m[36mActiveRecord::SchemaMigration Pluck (4.0ms)[0m  [1m[34mSELECT "schema_migrations"."version" FROM "schema_migrations" ORDER BY "schema_migrations"."version" ASC[0m
  [1m[36mTRANSACTION (0.4ms)[0m  [1m[35mBEGIN[0m
  [1m[36mComment Load (8.9ms)[0m  [1m[34mSELECT "comments".* FROM "comments"[0m
  [1m[36mPost Load (1.5ms)[0m  [1m[34mSELECT "posts".* FROM "posts"[0m
  [1m[36mUser Load (1.8ms)[0m  [1m[34mSELECT "users".* FROM "users"[0m
  [1m[36mUser Create (2.7ms)[0m  [1m[32mINSERT INTO "users" ("user_name", "first_name", "last_name", "created_at", "updated_at") VALUES ($1, $2, $3, $4, $5) RETURNING "id"[0m  [["user_name", "ruggeri"], ["first_name", "Ned"], ["last_name", "Ruggeri"], ["created_at", "2022-11-04 05:31:55.155632"], ["updated_at", "2022-11-04 05:31:55.155632"]]
  [1m[36mUser Create (1.2ms)[0m  [1m[32mINSERT INTO "users" ("user_name", "first_name", "last_name", "created_at", "updated_at") VALUES ($1, $2, $3, $4, $5) RETURNING "id"[0m  [["user_name", "tamboer"], ["first_name", "Jonathan"], ["last_name", "Tamboer"], ["created_at", "2022-11-04 05:31:55.189012"], ["updated_at", "2022-11-04 05:31:55.189012"]]
  [1m[36mUser Load (0.9ms)[0m  [1m[34mSELECT "users".* FROM "users" WHERE "users"."id" = $1 LIMIT $2[0m  [["id", 1], ["LIMIT", 1]]
  [1m[36mPost Create (2.9ms)[0m  [1m[32mINSERT INTO "posts" ("title", "body", "author_id", "created_at", "updated_at") VALUES ($1, $2, $3, $4, $5) RETURNING "id"[0m  [["title", "First post!"], ["body", "First posting is fun!"], ["author_id", 1], ["created_at", "2022-11-04 05:31:55.315967"], ["updated_at", "2022-11-04 05:31:55.315967"]]
  [1m[36mComment Create (4.6ms)[0m  [1m[32mINSERT INTO "comments" ("body", "author_id", "post_id", "parent_comment_id", "created_at", "updated_at") VALUES ($1, $2, $3, $4, $5, $6) RETURNING "id"[0m  [["body", "Great job first posting!"], ["author_id", 2], ["post_id", 1], ["parent_comment_id", nil], ["created_at", "2022-11-04 05:31:55.364728"], ["updated_at", "2022-11-04 05:31:55.364728"]]
  [1m[36mComment Create (2.5ms)[0m  [1m[32mINSERT INTO "comments" ("body", "author_id", "post_id", "parent_comment_id", "created_at", "updated_at") VALUES ($1, $2, $3, $4, $5, $6) RETURNING "id"[0m  [["body", "Thanks!"], ["author_id", 1], ["post_id", 1], ["parent_comment_id", 1], ["created_at", "2022-11-04 05:31:55.377994"], ["updated_at", "2022-11-04 05:31:55.377994"]]
  [1m[36mTRANSACTION (1.2ms)[0m  [1m[35mCOMMIT[0m
  [1m[36mComment Load (3.9ms)[0m  [1m[34mSELECT "comments".* FROM "comments" INNER JOIN "users" ON "users"."id" = "comments"."author_id" WHERE "users"."user_name" = $1[0m  [["user_name", "tamboer"]]
  [1m[36mUser Load (1.5ms)[0m  [1m[34mSELECT "users".* FROM "users" INNER JOIN "posts" ON "posts"."author_id" = "users"."id" INNER JOIN "comments" ON "comments"."post_id" = "posts"."id"[0m
  [1m[36mPost Load (0.4ms)[0m  [1m[34mSELECT "posts".* FROM "posts" WHERE "posts"."id" = $1 LIMIT $2[0m  [["id", 1], ["LIMIT", 1]]
  [1m[36mComment Load (2.2ms)[0m  [1m[34mSELECT "comments".* FROM "comments" INNER JOIN "users" ON "users"."id" = "comments"."author_id" WHERE "comments"."post_id" = $1[0m  [["post_id", 1]]
  [1m[36mPost Load (0.8ms)[0m  [1m[34mSELECT "posts".* FROM "posts" WHERE "posts"."id" = $1 LIMIT $2[0m  [["id", 1], ["LIMIT", 1]]
  [1m[36mComment Load (1.2ms)[0m  [1m[34mSELECT "comments".* FROM "comments" INNER JOIN "users" ON "users"."id" = "comments"."author_id" WHERE "comments"."post_id" = $1[0m  [["post_id", 1]]
  [1m[36mUser Load (0.5ms)[0m  [1m[34mSELECT "users".* FROM "users" INNER JOIN "posts" ON "posts"."author_id" = "users"."id"[0m
  [1m[36mUser Load (0.7ms)[0m  [1m[34mSELECT users.*, posts.* FROM "users" INNER JOIN "posts" ON "posts"."author_id" = "users"."id"[0m
  [1m[36mTRANSACTION (0.2ms)[0m  [1m[35mBEGIN[0m
  [1m[36mUser Load (0.3ms)[0m  [1m[34mSELECT "users".* FROM "users" WHERE "users"."id" = $1 LIMIT $2[0m  [["id", 1], ["LIMIT", 1]]
  [1m[36mPost Create (1.4ms)[0m  [1m[32mINSERT INTO "posts" ("title", "body", "author_id", "created_at", "updated_at") VALUES ($1, $2, $3, $4, $5) RETURNING "id"[0m  [["title", "Who loves active record?"], ["body", "If you like active record say yeah!"], ["author_id", 1], ["created_at", "2022-11-04 05:41:35.806515"], ["updated_at", "2022-11-04 05:41:35.806515"]]
  [1m[36mTRANSACTION (1.6ms)[0m  [1m[35mCOMMIT[0m
  [1m[36mUser Load (0.6ms)[0m  [1m[34mSELECT users.*, posts.created_at as post_creation_time FROM "users" INNER JOIN "posts" ON "posts"."author_id" = "users"."id"[0m
  [1m[36mUser Load (0.7ms)[0m  [1m[34mSELECT "users".* FROM "users" ORDER BY "users"."id" ASC LIMIT $1[0m  [["LIMIT", 1]]
  [1m[36mUser Load (0.7ms)[0m  [1m[34mSELECT "users".* FROM "users" ORDER BY "users"."id" ASC LIMIT $1[0m  [["LIMIT", 1]]
  [1m[36mPost Load (0.4ms)[0m  [1m[34mSELECT "posts".* FROM "posts" WHERE "posts"."author_id" = $1[0m  [["author_id", 1]]
  [1m[36mComment Load (0.4ms)[0m  [1m[34mSELECT "comments".* FROM "comments" WHERE "comments"."post_id" IN ($1, $2)[0m  [["post_id", 1], ["post_id", 2]]
  [1m[36mPost Load (3.1ms)[0m  [1m[34mSELECT posts.*, COUNT(*) AS comment_count FROM "posts" INNER JOIN "comments" ON "comments"."post_id" = "posts"."id" GROUP BY "posts"."id" ORDER BY comment_count DESC[0m
  [1m[36mPost Load (0.9ms)[0m  [1m[34mSELECT posts.*, COUNT(*) AS comment_count FROM "posts" INNER JOIN "comments" ON "comments"."post_id" = "posts"."id" GROUP BY "posts"."id" ORDER BY comment_count DESC LIMIT $1[0m  [["LIMIT", 5]]
